# JRE version: Java(TM) SE Runtime Environment (8.0_191-b12) (build 1.8.0_191-b12)
# Java VM: Java HotSpot(TM) 64-Bit Server VM (25.191-b12 mixed mode linux-amd64 compressed oops)
Heap:
 PSYoungGen      total 137728K, used 10237K [0x000000076d380000, 0x0000000776580000, 0x00000007c0000000)
  eden space 127488K, 0% used [0x000000076d380000,0x000000076d380000,0x0000000775000000)
  from space 10240K, 99% used [0x0000000775000000,0x00000007759ff4d8,0x0000000775a00000)
  to   space 2048K, 0% used [0x0000000775a00000,0x0000000775a00000,0x0000000775c00000)
 ParOldGen       total 108544K, used 12917K [0x00000006c7a00000, 0x00000006ce400000, 0x000000076d380000)
  object space 108544K, 11% used [0x00000006c7a00000,0x00000006c869d470,0x00000006ce400000)
 Metaspace       used 24031K, capacity 24806K, committed 25088K, reserved 1071104K
  class space    used 2848K, capacity 2995K, committed 3072K, reserved 1048576K
GC Heap History (10 events):
Event: 0,541 GC heap after
Heap after GC invocations=1 (full 0):
 PSYoungGen      total 74752K, used 9898K [0x000000076d380000, 0x0000000776580000, 0x00000007c0000000)
  eden space 64512K, 0% used [0x000000076d380000,0x000000076d380000,0x0000000771280000)
  from space 10240K, 96% used [0x0000000771280000,0x0000000771c2ab48,0x0000000771c80000)
  to   space 10240K, 0% used [0x0000000775b80000,0x0000000775b80000,0x0000000776580000)
 ParOldGen       total 171008K, used 16K [0x00000006c7a00000, 0x00000006d2100000, 0x000000076d380000)
  object space 171008K, 0% used [0x00000006c7a00000,0x00000006c7a04000,0x00000006d2100000)
 Metaspace       used 11595K, capacity 11784K, committed 12160K, reserved 1060864K
  class space    used 1455K, capacity 1540K, committed 1664K, reserved 1048576K
}
Event: 1,553 GC heap before
{Heap before GC invocations=2 (full 0):
 PSYoungGen      total 74752K, used 74410K [0x000000076d380000, 0x0000000776580000, 0x00000007c0000000)
  eden space 64512K, 100% used [0x000000076d380000,0x0000000771280000,0x0000000771280000)
  from space 10240K, 96% used [0x0000000771280000,0x0000000771c2ab48,0x0000000771c80000)
  to   space 10240K, 0% used [0x0000000775b80000,0x0000000775b80000,0x0000000776580000)
 ParOldGen       total 171008K, used 16K [0x00000006c7a00000, 0x00000006d2100000, 0x000000076d380000)
  object space 171008K, 0% used [0x00000006c7a00000,0x00000006c7a04000,0x00000006d2100000)
 Metaspace       used 16538K, capacity 16830K, committed 17280K, reserved 1064960K
  class space    used 2005K, capacity 2076K, committed 2176K, reserved 1048576K
Event: 1,560 GC heap after
Heap after GC invocations=2 (full 0):
 PSYoungGen      total 73728K, used 8740K [0x000000076d380000, 0x0000000776480000, 0x00000007c0000000)
  eden space 64512K, 0% used [0x000000076d380000,0x000000076d380000,0x0000000771280000)
  from space 9216K, 94% used [0x0000000775b80000,0x00000007764092d8,0x0000000776480000)
  to   space 10240K, 0% used [0x0000000775080000,0x0000000775080000,0x0000000775a80000)
 ParOldGen       total 171008K, used 32K [0x00000006c7a00000, 0x00000006d2100000, 0x000000076d380000)
  object space 171008K, 0% used [0x00000006c7a00000,0x00000006c7a08000,0x00000006d2100000)
 Metaspace       used 16538K, capacity 16830K, committed 17280K, reserved 1064960K
  class space    used 2005K, capacity 2076K, committed 2176K, reserved 1048576K
}
Event: 5,610 GC heap before
{Heap before GC invocations=3 (full 0):
 PSYoungGen      total 73728K, used 73252K [0x000000076d380000, 0x0000000776480000, 0x00000007c0000000)
  eden space 64512K, 100% used [0x000000076d380000,0x0000000771280000,0x0000000771280000)
  from space 9216K, 94% used [0x0000000775b80000,0x00000007764092d8,0x0000000776480000)
  to   space 10240K, 0% used [0x0000000775080000,0x0000000775080000,0x0000000775a80000)
 ParOldGen       total 171008K, used 32K [0x00000006c7a00000, 0x00000006d2100000, 0x000000076d380000)
  object space 171008K, 0% used [0x00000006c7a00000,0x00000006c7a08000,0x00000006d2100000)
 Metaspace       used 17975K, capacity 18594K, committed 18688K, reserved 1064960K
  class space    used 2139K, capacity 2273K, committed 2304K, reserved 1048576K
Event: 5,622 GC heap after
Heap after GC invocations=3 (full 0):
 PSYoungGen      total 74240K, used 9612K [0x000000076d380000, 0x0000000775c00000, 0x00000007c0000000)
  eden space 64512K, 0% used [0x000000076d380000,0x000000076d380000,0x0000000771280000)
  from space 9728K, 98% used [0x0000000775080000,0x00000007759e3388,0x0000000775a00000)
  to   space 2048K, 0% used [0x0000000775a00000,0x0000000775a00000,0x0000000775c00000)
 ParOldGen       total 171008K, used 40K [0x00000006c7a00000, 0x00000006d2100000, 0x000000076d380000)
  object space 171008K, 0% used [0x00000006c7a00000,0x00000006c7a0a000,0x00000006d2100000)
 Metaspace       used 17975K, capacity 18594K, committed 18688K, reserved 1064960K
  class space    used 2139K, capacity 2273K, committed 2304K, reserved 1048576K
}
Event: 5,823 GC heap before
{Heap before GC invocations=4 (full 0):
 PSYoungGen      total 74240K, used 26077K [0x000000076d380000, 0x0000000775c00000, 0x00000007c0000000)
  eden space 64512K, 25% used [0x000000076d380000,0x000000076e3941f0,0x0000000771280000)
  from space 9728K, 98% used [0x0000000775080000,0x00000007759e3388,0x0000000775a00000)
  to   space 2048K, 0% used [0x0000000775a00000,0x0000000775a00000,0x0000000775c00000)
 ParOldGen       total 171008K, used 40K [0x00000006c7a00000, 0x00000006d2100000, 0x000000076d380000)
  object space 171008K, 0% used [0x00000006c7a00000,0x00000006c7a0a000,0x00000006d2100000)
 Metaspace       used 20585K, capacity 21190K, committed 21296K, reserved 1069056K
  class space    used 2518K, capacity 2668K, committed 2688K, reserved 1048576K
Event: 5,832 GC heap after
Heap after GC invocations=4 (full 0):
 PSYoungGen      total 129536K, used 2016K [0x000000076d380000, 0x0000000776580000, 0x00000007c0000000)
  eden space 127488K, 0% used [0x000000076d380000,0x000000076d380000,0x0000000775000000)
  from space 2048K, 98% used [0x0000000775a00000,0x0000000775bf8020,0x0000000775c00000)
  to   space 10240K, 0% used [0x0000000775000000,0x0000000775000000,0x0000000775a00000)
 ParOldGen       total 171008K, used 7365K [0x00000006c7a00000, 0x00000006d2100000, 0x000000076d380000)
  object space 171008K, 4% used [0x00000006c7a00000,0x00000006c81314d0,0x00000006d2100000)
 Metaspace       used 20585K, capacity 21190K, committed 21296K, reserved 1069056K
  class space    used 2518K, capacity 2668K, committed 2688K, reserved 1048576K
}
Event: 5,832 GC heap before
{Heap before GC invocations=5 (full 1):
 PSYoungGen      total 129536K, used 2016K [0x000000076d380000, 0x0000000776580000, 0x00000007c0000000)
  eden space 127488K, 0% used [0x000000076d380000,0x000000076d380000,0x0000000775000000)
  from space 2048K, 98% used [0x0000000775a00000,0x0000000775bf8020,0x0000000775c00000)
  to   space 10240K, 0% used [0x0000000775000000,0x0000000775000000,0x0000000775a00000)
 ParOldGen       total 171008K, used 7365K [0x00000006c7a00000, 0x00000006d2100000, 0x000000076d380000)
  object space 171008K, 4% used [0x00000006c7a00000,0x00000006c81314d0,0x00000006d2100000)
 Metaspace       used 20585K, capacity 21190K, committed 21296K, reserved 1069056K
  class space    used 2518K, capacity 2668K, committed 2688K, reserved 1048576K
Event: 5,897 GC heap after
Heap after GC invocations=5 (full 1):
 PSYoungGen      total 129536K, used 0K [0x000000076d380000, 0x0000000776580000, 0x00000007c0000000)
  eden space 127488K, 0% used [0x000000076d380000,0x000000076d380000,0x0000000775000000)
  from space 2048K, 0% used [0x0000000775a00000,0x0000000775a00000,0x0000000775c00000)
  to   space 10240K, 0% used [0x0000000775000000,0x0000000775000000,0x0000000775a00000)
 ParOldGen       total 108544K, used 9265K [0x00000006c7a00000, 0x00000006ce400000, 0x000000076d380000)
  object space 108544K, 8% used [0x00000006c7a00000,0x00000006c830c4a8,0x00000006ce400000)
 Metaspace       used 20585K, capacity 21190K, committed 21296K, reserved 1069056K
  class space    used 2518K, capacity 2668K, committed 2688K, reserved 1048576K
}
Event: 15,862 GC heap before
{Heap before GC invocations=6 (full 1):
 PSYoungGen      total 129536K, used 127488K [0x000000076d380000, 0x0000000776580000, 0x00000007c0000000)
  eden space 127488K, 100% used [0x000000076d380000,0x0000000775000000,0x0000000775000000)
  from space 2048K, 0% used [0x0000000775a00000,0x0000000775a00000,0x0000000775c00000)
  to   space 10240K, 0% used [0x0000000775000000,0x0000000775000000,0x0000000775a00000)
 ParOldGen       total 108544K, used 9265K [0x00000006c7a00000, 0x00000006ce400000, 0x000000076d380000)
  object space 108544K, 8% used [0x00000006c7a00000,0x00000006c830c4a8,0x00000006ce400000)
 Metaspace       used 24031K, capacity 24806K, committed 25088K, reserved 1071104K
  class space    used 2848K, capacity 2995K, committed 3072K, reserved 1048576K

