# JRE version: Java(TM) SE Runtime Environment (8.0_181-b13) (build 1.8.0_181-b13)
# Java VM: Java HotSpot(TM) 64-Bit Server VM (25.181-b13 mixed mode linux-amd64 compressed oops)
Heap:
 PSYoungGen      total 55808K, used 6634K [0x00000000f0b80000, 0x00000000f4880000, 0x0000000100000000)
  eden space 49152K, 0% used [0x00000000f0b80000,0x00000000f0b80000,0x00000000f3b80000)
  from space 6656K, 99% used [0x00000000f3b80000,0x00000000f41fa9a0,0x00000000f4200000)
  to   space 6656K, 0% used [0x00000000f4200000,0x00000000f4200000,0x00000000f4880000)
 ParOldGen       total 31744K, used 19671K [0x00000000d2200000, 0x00000000d4100000, 0x00000000f0b80000)
  object space 31744K, 61% used [0x00000000d2200000,0x00000000d3535c58,0x00000000d4100000)
 Metaspace       used 16332K, capacity 16714K, committed 16896K, reserved 1064960K
  class space    used 1826K, capacity 1956K, committed 2048K, reserved 1048576K
GC Heap History (10 events):
Event: 1,914 GC heap after
Heap after GC invocations=2 (full 0):
 PSYoungGen      total 13824K, used 1520K [0x00000000f0b80000, 0x00000000f2680000, 0x0000000100000000)
  eden space 12288K, 0% used [0x00000000f0b80000,0x00000000f0b80000,0x00000000f1780000)
  from space 1536K, 98% used [0x00000000f2500000,0x00000000f267c010,0x00000000f2680000)
  to   space 1536K, 0% used [0x00000000f1780000,0x00000000f1780000,0x00000000f1900000)
 ParOldGen       total 31744K, used 4807K [0x00000000d2200000, 0x00000000d4100000, 0x00000000f0b80000)
  object space 31744K, 15% used [0x00000000d2200000,0x00000000d26b1f78,0x00000000d4100000)
 Metaspace       used 13341K, capacity 13702K, committed 13952K, reserved 1060864K
  class space    used 1477K, capacity 1594K, committed 1664K, reserved 1048576K
}
Event: 2,170 GC heap before
{Heap before GC invocations=3 (full 0):
 PSYoungGen      total 13824K, used 13808K [0x00000000f0b80000, 0x00000000f2680000, 0x0000000100000000)
  eden space 12288K, 100% used [0x00000000f0b80000,0x00000000f1780000,0x00000000f1780000)
  from space 1536K, 98% used [0x00000000f2500000,0x00000000f267c010,0x00000000f2680000)
  to   space 1536K, 0% used [0x00000000f1780000,0x00000000f1780000,0x00000000f1900000)
 ParOldGen       total 31744K, used 4807K [0x00000000d2200000, 0x00000000d4100000, 0x00000000f0b80000)
  object space 31744K, 15% used [0x00000000d2200000,0x00000000d26b1f78,0x00000000d4100000)
 Metaspace       used 14913K, capacity 15276K, committed 15360K, reserved 1062912K
  class space    used 1651K, capacity 1755K, committed 1792K, reserved 1048576K
Event: 2,175 GC heap after
Heap after GC invocations=3 (full 0):
 PSYoungGen      total 13824K, used 1530K [0x00000000f0b80000, 0x00000000f2680000, 0x0000000100000000)
  eden space 12288K, 0% used [0x00000000f0b80000,0x00000000f0b80000,0x00000000f1780000)
  from space 1536K, 99% used [0x00000000f1780000,0x00000000f18fe810,0x00000000f1900000)
  to   space 1536K, 0% used [0x00000000f2500000,0x00000000f2500000,0x00000000f2680000)
 ParOldGen       total 31744K, used 7235K [0x00000000d2200000, 0x00000000d4100000, 0x00000000f0b80000)
  object space 31744K, 22% used [0x00000000d2200000,0x00000000d2910c00,0x00000000d4100000)
 Metaspace       used 14913K, capacity 15276K, committed 15360K, reserved 1062912K
  class space    used 1651K, capacity 1755K, committed 1792K, reserved 1048576K
}
Event: 2,440 GC heap before
{Heap before GC invocations=4 (full 0):
 PSYoungGen      total 13824K, used 13818K [0x00000000f0b80000, 0x00000000f2680000, 0x0000000100000000)
  eden space 12288K, 100% used [0x00000000f0b80000,0x00000000f1780000,0x00000000f1780000)
  from space 1536K, 99% used [0x00000000f1780000,0x00000000f18fe810,0x00000000f1900000)
  to   space 1536K, 0% used [0x00000000f2500000,0x00000000f2500000,0x00000000f2680000)
 ParOldGen       total 31744K, used 7235K [0x00000000d2200000, 0x00000000d4100000, 0x00000000f0b80000)
  object space 31744K, 22% used [0x00000000d2200000,0x00000000d2910c00,0x00000000d4100000)
 Metaspace       used 16078K, capacity 16488K, committed 16640K, reserved 1064960K
  class space    used 1814K, capacity 1922K, committed 2048K, reserved 1048576K
Event: 2,454 GC heap after
Heap after GC invocations=4 (full 0):
 PSYoungGen      total 26112K, used 1504K [0x00000000f0b80000, 0x00000000f2680000, 0x0000000100000000)
  eden space 24576K, 0% used [0x00000000f0b80000,0x00000000f0b80000,0x00000000f2380000)
  from space 1536K, 97% used [0x00000000f2500000,0x00000000f2678020,0x00000000f2680000)
  to   space 1536K, 0% used [0x00000000f2380000,0x00000000f2380000,0x00000000f2500000)
 ParOldGen       total 31744K, used 12258K [0x00000000d2200000, 0x00000000d4100000, 0x00000000f0b80000)
  object space 31744K, 38% used [0x00000000d2200000,0x00000000d2df8ae0,0x00000000d4100000)
 Metaspace       used 16078K, capacity 16488K, committed 16640K, reserved 1064960K
  class space    used 1814K, capacity 1922K, committed 2048K, reserved 1048576K
}
Event: 2,627 GC heap before
{Heap before GC invocations=5 (full 0):
 PSYoungGen      total 26112K, used 26080K [0x00000000f0b80000, 0x00000000f2680000, 0x0000000100000000)
  eden space 24576K, 100% used [0x00000000f0b80000,0x00000000f2380000,0x00000000f2380000)
  from space 1536K, 97% used [0x00000000f2500000,0x00000000f2678020,0x00000000f2680000)
  to   space 1536K, 0% used [0x00000000f2380000,0x00000000f2380000,0x00000000f2500000)
 ParOldGen       total 31744K, used 12258K [0x00000000d2200000, 0x00000000d4100000, 0x00000000f0b80000)
  object space 31744K, 38% used [0x00000000d2200000,0x00000000d2df8ae0,0x00000000d4100000)
 Metaspace       used 16269K, capacity 16714K, committed 16896K, reserved 1064960K
  class space    used 1825K, capacity 1956K, committed 2048K, reserved 1048576K
Event: 2,649 GC heap after
Heap after GC invocations=5 (full 0):
 PSYoungGen      total 26112K, used 1520K [0x00000000f0b80000, 0x00000000f4880000, 0x0000000100000000)
  eden space 24576K, 0% used [0x00000000f0b80000,0x00000000f0b80000,0x00000000f2380000)
  from space 1536K, 98% used [0x00000000f2380000,0x00000000f24fc010,0x00000000f2500000)
  to   space 6656K, 0% used [0x00000000f4200000,0x00000000f4200000,0x00000000f4880000)
 ParOldGen       total 31744K, used 15868K [0x00000000d2200000, 0x00000000d4100000, 0x00000000f0b80000)
  object space 31744K, 49% used [0x00000000d2200000,0x00000000d317f1c0,0x00000000d4100000)
 Metaspace       used 16269K, capacity 16714K, committed 16896K, reserved 1064960K
  class space    used 1825K, capacity 1956K, committed 2048K, reserved 1048576K
}
Event: 2,735 GC heap before
{Heap before GC invocations=6 (full 0):
 PSYoungGen      total 26112K, used 26096K [0x00000000f0b80000, 0x00000000f4880000, 0x0000000100000000)
  eden space 24576K, 100% used [0x00000000f0b80000,0x00000000f2380000,0x00000000f2380000)
  from space 1536K, 98% used [0x00000000f2380000,0x00000000f24fc010,0x00000000f2500000)
  to   space 6656K, 0% used [0x00000000f4200000,0x00000000f4200000,0x00000000f4880000)
 ParOldGen       total 31744K, used 15868K [0x00000000d2200000, 0x00000000d4100000, 0x00000000f0b80000)
  object space 31744K, 49% used [0x00000000d2200000,0x00000000d317f1c0,0x00000000d4100000)
 Metaspace       used 16311K, capacity 16714K, committed 16896K, reserved 1064960K
  class space    used 1826K, capacity 1956K, committed 2048K, reserved 1048576K
Event: 2,808 GC heap after
Heap after GC invocations=6 (full 0):
 PSYoungGen      total 55808K, used 4963K [0x00000000f0b80000, 0x00000000f4880000, 0x0000000100000000)
  eden space 49152K, 0% used [0x00000000f0b80000,0x00000000f0b80000,0x00000000f3b80000)
  from space 6656K, 74% used [0x00000000f4200000,0x00000000f46d8e60,0x00000000f4880000)
  to   space 6656K, 0% used [0x00000000f3b80000,0x00000000f3b80000,0x00000000f4200000)
 ParOldGen       total 31744K, used 15876K [0x00000000d2200000, 0x00000000d4100000, 0x00000000f0b80000)
  object space 31744K, 50% used [0x00000000d2200000,0x00000000d31811c0,0x00000000d4100000)
 Metaspace       used 16311K, capacity 16714K, committed 16896K, reserved 1064960K
  class space    used 1826K, capacity 1956K, committed 2048K, reserved 1048576K
}
Event: 3,176 GC heap before
{Heap before GC invocations=7 (full 0):
 PSYoungGen      total 55808K, used 54115K [0x00000000f0b80000, 0x00000000f4880000, 0x0000000100000000)
  eden space 49152K, 100% used [0x00000000f0b80000,0x00000000f3b80000,0x00000000f3b80000)
  from space 6656K, 74% used [0x00000000f4200000,0x00000000f46d8e60,0x00000000f4880000)
  to   space 6656K, 0% used [0x00000000f3b80000,0x00000000f3b80000,0x00000000f4200000)
 ParOldGen       total 31744K, used 15876K [0x00000000d2200000, 0x00000000d4100000, 0x00000000f0b80000)
  object space 31744K, 50% used [0x00000000d2200000,0x00000000d31811c0,0x00000000d4100000)
 Metaspace       used 16332K, capacity 16714K, committed 16896K, reserved 1064960K
  class space    used 1826K, capacity 1956K, committed 2048K, reserved 1048576K

